mode: set
cat-api/controllers/custom_controller.go:81.34,87.16 5 0
cat-api/controllers/custom_controller.go:87.16,90.3 2 0
cat-api/controllers/custom_controller.go:91.2,94.16 3 0
cat-api/controllers/custom_controller.go:94.16,97.3 2 0
cat-api/controllers/custom_controller.go:98.2,101.16 3 0
cat-api/controllers/custom_controller.go:101.16,104.3 2 0
cat-api/controllers/custom_controller.go:106.2,107.80 2 0
cat-api/controllers/custom_controller.go:107.80,110.3 2 0
cat-api/controllers/custom_controller.go:112.2,113.31 2 0
cat-api/controllers/custom_controller.go:117.40,125.12 4 0
cat-api/controllers/custom_controller.go:125.12,131.17 5 0
cat-api/controllers/custom_controller.go:131.17,134.4 2 0
cat-api/controllers/custom_controller.go:135.3,138.37 3 0
cat-api/controllers/custom_controller.go:142.2,144.21 2 0
cat-api/controllers/custom_controller.go:144.21,147.3 2 0
cat-api/controllers/custom_controller.go:149.2,150.59 2 0
cat-api/controllers/custom_controller.go:150.59,153.3 2 0
cat-api/controllers/custom_controller.go:155.2,156.15 2 0
cat-api/controllers/custom_controller.go:160.45,163.19 3 0
cat-api/controllers/custom_controller.go:163.19,166.3 2 0
cat-api/controllers/custom_controller.go:168.2,175.16 6 0
cat-api/controllers/custom_controller.go:175.16,178.3 2 0
cat-api/controllers/custom_controller.go:179.2,183.54 4 0
cat-api/controllers/custom_controller.go:183.54,186.3 2 0
cat-api/controllers/custom_controller.go:189.2,189.31 1 0
cat-api/controllers/custom_controller.go:189.31,190.38 1 0
cat-api/controllers/custom_controller.go:190.38,192.4 1 0
cat-api/controllers/custom_controller.go:195.2,196.15 2 0
cat-api/controllers/custom_controller.go:199.41,203.33 4 0
cat-api/controllers/custom_controller.go:203.33,206.3 2 0
cat-api/controllers/custom_controller.go:208.2,222.16 9 0
cat-api/controllers/custom_controller.go:222.16,225.3 2 0
cat-api/controllers/custom_controller.go:226.2,231.15 4 0
cat-api/controllers/custom_controller.go:234.39,242.17 6 0
cat-api/controllers/custom_controller.go:242.17,244.3 1 0
cat-api/controllers/custom_controller.go:247.2,250.12 2 0
cat-api/controllers/custom_controller.go:250.12,256.17 5 0
cat-api/controllers/custom_controller.go:256.17,259.4 2 0
cat-api/controllers/custom_controller.go:260.3,263.37 3 0
cat-api/controllers/custom_controller.go:267.2,269.21 2 0
cat-api/controllers/custom_controller.go:269.21,272.3 2 0
cat-api/controllers/custom_controller.go:274.2,275.58 2 0
cat-api/controllers/custom_controller.go:275.58,278.3 2 0
cat-api/controllers/custom_controller.go:280.2,281.29 2 0
cat-api/controllers/custom_controller.go:281.29,298.3 3 0
cat-api/controllers/custom_controller.go:300.2,301.15 2 0
cat-api/controllers/custom_controller.go:306.46,311.19 4 0
cat-api/controllers/custom_controller.go:311.19,314.3 2 0
cat-api/controllers/custom_controller.go:316.2,329.16 9 0
cat-api/controllers/custom_controller.go:329.16,332.3 2 0
cat-api/controllers/custom_controller.go:333.2,338.59 4 0
cat-api/controllers/custom_controller.go:338.59,341.3 2 0
cat-api/controllers/custom_controller.go:343.2,344.15 2 0
cat-api/controllers/custom_controller.go:348.44,358.16 7 0
cat-api/controllers/custom_controller.go:358.16,361.3 2 0
cat-api/controllers/custom_controller.go:362.2,365.38 2 0
cat-api/controllers/custom_controller.go:365.38,370.3 4 0
cat-api/controllers/custom_controller.go:373.2,375.58 3 0
cat-api/controllers/custom_controller.go:375.58,378.3 2 0
cat-api/controllers/custom_controller.go:381.2,383.33 2 0
cat-api/controllers/custom_controller.go:383.33,401.3 3 0
cat-api/controllers/custom_controller.go:404.2,405.15 2 0
cat-api/controllers/custom_controller.go:409.46,413.23 3 0
cat-api/controllers/custom_controller.go:413.23,416.3 2 0
cat-api/controllers/custom_controller.go:418.2,425.16 6 0
cat-api/controllers/custom_controller.go:425.16,428.3 2 0
cat-api/controllers/custom_controller.go:429.2,431.38 2 0
cat-api/controllers/custom_controller.go:431.38,436.3 4 0
cat-api/controllers/custom_controller.go:438.2,439.15 2 0
cat-api/controllers/custom_controller.go:445.51,446.64 1 0
cat-api/controllers/custom_controller.go:446.64,448.3 1 0
cat-api/controllers/custom_controller.go:448.8,451.3 2 0
cat-api/controllers/default.go:11.32,15.2 3 0
cat-api/routers/router.go:9.13,22.2 9 0
cat-api/main.go:8.13,10.2 1 0
cat-api/controllers/custom_controller.go:81.34,87.16 5 1
cat-api/controllers/custom_controller.go:87.16,90.3 2 0
cat-api/controllers/custom_controller.go:91.2,94.16 3 1
cat-api/controllers/custom_controller.go:94.16,97.3 2 0
cat-api/controllers/custom_controller.go:98.2,101.16 3 1
cat-api/controllers/custom_controller.go:101.16,104.3 2 0
cat-api/controllers/custom_controller.go:106.2,107.80 2 1
cat-api/controllers/custom_controller.go:107.80,110.3 2 0
cat-api/controllers/custom_controller.go:112.2,113.31 2 1
cat-api/controllers/custom_controller.go:117.40,125.12 4 1
cat-api/controllers/custom_controller.go:125.12,131.17 5 1
cat-api/controllers/custom_controller.go:131.17,134.4 2 0
cat-api/controllers/custom_controller.go:135.3,138.37 3 1
cat-api/controllers/custom_controller.go:142.2,144.21 2 1
cat-api/controllers/custom_controller.go:144.21,147.3 2 0
cat-api/controllers/custom_controller.go:149.2,150.59 2 1
cat-api/controllers/custom_controller.go:150.59,153.3 2 0
cat-api/controllers/custom_controller.go:155.2,156.15 2 1
cat-api/controllers/custom_controller.go:160.45,163.19 3 1
cat-api/controllers/custom_controller.go:163.19,166.3 2 0
cat-api/controllers/custom_controller.go:168.2,175.16 6 1
cat-api/controllers/custom_controller.go:175.16,178.3 2 0
cat-api/controllers/custom_controller.go:179.2,183.54 4 1
cat-api/controllers/custom_controller.go:183.54,186.3 2 0
cat-api/controllers/custom_controller.go:189.2,189.31 1 1
cat-api/controllers/custom_controller.go:189.31,190.38 1 1
cat-api/controllers/custom_controller.go:190.38,192.4 1 0
cat-api/controllers/custom_controller.go:195.2,196.15 2 1
cat-api/controllers/custom_controller.go:199.41,203.33 4 0
cat-api/controllers/custom_controller.go:203.33,206.3 2 0
cat-api/controllers/custom_controller.go:208.2,222.16 9 0
cat-api/controllers/custom_controller.go:222.16,225.3 2 0
cat-api/controllers/custom_controller.go:226.2,231.15 4 0
cat-api/controllers/custom_controller.go:234.39,242.17 6 0
cat-api/controllers/custom_controller.go:242.17,244.3 1 0
cat-api/controllers/custom_controller.go:247.2,250.12 2 0
cat-api/controllers/custom_controller.go:250.12,256.17 5 0
cat-api/controllers/custom_controller.go:256.17,259.4 2 0
cat-api/controllers/custom_controller.go:260.3,263.37 3 0
cat-api/controllers/custom_controller.go:267.2,269.21 2 0
cat-api/controllers/custom_controller.go:269.21,272.3 2 0
cat-api/controllers/custom_controller.go:274.2,275.58 2 0
cat-api/controllers/custom_controller.go:275.58,278.3 2 0
cat-api/controllers/custom_controller.go:280.2,281.29 2 0
cat-api/controllers/custom_controller.go:281.29,298.3 3 0
cat-api/controllers/custom_controller.go:300.2,301.15 2 0
cat-api/controllers/custom_controller.go:306.46,311.19 4 0
cat-api/controllers/custom_controller.go:311.19,314.3 2 0
cat-api/controllers/custom_controller.go:316.2,329.16 9 0
cat-api/controllers/custom_controller.go:329.16,332.3 2 0
cat-api/controllers/custom_controller.go:333.2,338.59 4 0
cat-api/controllers/custom_controller.go:338.59,341.3 2 0
cat-api/controllers/custom_controller.go:343.2,344.15 2 0
cat-api/controllers/custom_controller.go:348.44,358.16 7 0
cat-api/controllers/custom_controller.go:358.16,361.3 2 0
cat-api/controllers/custom_controller.go:362.2,365.38 2 0
cat-api/controllers/custom_controller.go:365.38,370.3 4 0
cat-api/controllers/custom_controller.go:373.2,375.58 3 0
cat-api/controllers/custom_controller.go:375.58,378.3 2 0
cat-api/controllers/custom_controller.go:381.2,383.33 2 0
cat-api/controllers/custom_controller.go:383.33,401.3 3 0
cat-api/controllers/custom_controller.go:404.2,405.15 2 0
cat-api/controllers/custom_controller.go:409.46,413.23 3 0
cat-api/controllers/custom_controller.go:413.23,416.3 2 0
cat-api/controllers/custom_controller.go:418.2,425.16 6 0
cat-api/controllers/custom_controller.go:425.16,428.3 2 0
cat-api/controllers/custom_controller.go:429.2,431.38 2 0
cat-api/controllers/custom_controller.go:431.38,436.3 4 0
cat-api/controllers/custom_controller.go:438.2,439.15 2 0
cat-api/controllers/custom_controller.go:445.51,446.64 1 0
cat-api/controllers/custom_controller.go:446.64,448.3 1 0
cat-api/controllers/custom_controller.go:448.8,451.3 2 0
cat-api/controllers/default.go:11.32,15.2 3 0
